The system is: Linux - 3.13.0-39-generic - x86_64
Compiling the C compiler identification source file "CMakeCCompilerId.c" succeeded.
Compiler: /usr/bin/cc 
Build flags: 
Id flags: 

The output was:
0


Compilation of the C compiler identification source "CMakeCCompilerId.c" produced "a.out"

The C compiler identification is GNU, found in "/home/felipe/Development/exifyay/CMakeFiles/2.8.12.2/CompilerIdC/a.out"

Compiling the CXX compiler identification source file "CMakeCXXCompilerId.cpp" succeeded.
Compiler: /usr/bin/c++ 
Build flags: 
Id flags: 

The output was:
0


Compilation of the CXX compiler identification source "CMakeCXXCompilerId.cpp" produced "a.out"

The CXX compiler identification is GNU, found in "/home/felipe/Development/exifyay/CMakeFiles/2.8.12.2/CompilerIdCXX/a.out"

Determining if the C compiler works passed with the following output:
Change Dir: /home/felipe/Development/exifyay/CMakeFiles/CMakeTmp

Run Build Command:/usr/bin/make "cmTryCompileExec940180811/fast"
/usr/bin/make -f CMakeFiles/cmTryCompileExec940180811.dir/build.make CMakeFiles/cmTryCompileExec940180811.dir/build
make[1]: Entering directory `/home/felipe/Development/exifyay/CMakeFiles/CMakeTmp'
/usr/bin/cmake -E cmake_progress_report /home/felipe/Development/exifyay/CMakeFiles/CMakeTmp/CMakeFiles 1
Building C object CMakeFiles/cmTryCompileExec940180811.dir/testCCompiler.c.o
/usr/bin/cc    -o CMakeFiles/cmTryCompileExec940180811.dir/testCCompiler.c.o   -c /home/felipe/Development/exifyay/CMakeFiles/CMakeTmp/testCCompiler.c
Linking C executable cmTryCompileExec940180811
/usr/bin/cmake -E cmake_link_script CMakeFiles/cmTryCompileExec940180811.dir/link.txt --verbose=1
/usr/bin/cc       CMakeFiles/cmTryCompileExec940180811.dir/testCCompiler.c.o  -o cmTryCompileExec940180811 -rdynamic 
make[1]: Leaving directory `/home/felipe/Development/exifyay/CMakeFiles/CMakeTmp'


Detecting C compiler ABI info compiled with the following output:
Change Dir: /home/felipe/Development/exifyay/CMakeFiles/CMakeTmp

Run Build Command:/usr/bin/make "cmTryCompileExec2972957063/fast"
/usr/bin/make -f CMakeFiles/cmTryCompileExec2972957063.dir/build.make CMakeFiles/cmTryCompileExec2972957063.dir/build
make[1]: Entering directory `/home/felipe/Development/exifyay/CMakeFiles/CMakeTmp'
/usr/bin/cmake -E cmake_progress_report /home/felipe/Development/exifyay/CMakeFiles/CMakeTmp/CMakeFiles 1
Building C object CMakeFiles/cmTryCompileExec2972957063.dir/CMakeCCompilerABI.c.o
/usr/bin/cc    -o CMakeFiles/cmTryCompileExec2972957063.dir/CMakeCCompilerABI.c.o   -c /usr/share/cmake-2.8/Modules/CMakeCCompilerABI.c
Linking C executable cmTryCompileExec2972957063
/usr/bin/cmake -E cmake_link_script CMakeFiles/cmTryCompileExec2972957063.dir/link.txt --verbose=1
/usr/bin/cc     -v CMakeFiles/cmTryCompileExec2972957063.dir/CMakeCCompilerABI.c.o  -o cmTryCompileExec2972957063 -rdynamic  
Using built-in specs.
COLLECT_GCC=/usr/bin/cc
COLLECT_LTO_WRAPPER=/usr/lib/gcc/x86_64-linux-gnu/4.8/lto-wrapper
Target: x86_64-linux-gnu
Configured with: ../src/configure -v --with-pkgversion='Ubuntu 4.8.2-19ubuntu1' --with-bugurl=file:///usr/share/doc/gcc-4.8/README.Bugs --enable-languages=c,c++,java,go,d,fortran,objc,obj-c++ --prefix=/usr --program-suffix=-4.8 --enable-shared --enable-linker-build-id --libexecdir=/usr/lib --without-included-gettext --enable-threads=posix --with-gxx-include-dir=/usr/include/c++/4.8 --libdir=/usr/lib --enable-nls --with-sysroot=/ --enable-clocale=gnu --enable-libstdcxx-debug --enable-libstdcxx-time=yes --enable-gnu-unique-object --disable-libmudflap --enable-plugin --with-system-zlib --disable-browser-plugin --enable-java-awt=gtk --enable-gtk-cairo --with-java-home=/usr/lib/jvm/java-1.5.0-gcj-4.8-amd64/jre --enable-java-home --with-jvm-root-dir=/usr/lib/jvm/java-1.5.0-gcj-4.8-amd64 --with-jvm-jar-dir=/usr/lib/jvm-exports/java-1.5.0-gcj-4.8-amd64 --with-arch-directory=amd64 --with-ecj-jar=/usr/share/java/eclipse-ecj.jar --enable-objc-gc --enable-multiarch --disable-werror --with-arch-32=i686 --with-abi=m64 --with-multilib-list=m32,m64,mx32 --with-tune=generic --enable-checking=release --build=x86_64-linux-gnu --host=x86_64-linux-gnu --target=x86_64-linux-gnu
Thread model: posix
gcc version 4.8.2 (Ubuntu 4.8.2-19ubuntu1) 
COMPILER_PATH=/usr/lib/gcc/x86_64-linux-gnu/4.8/:/usr/lib/gcc/x86_64-linux-gnu/4.8/:/usr/lib/gcc/x86_64-linux-gnu/:/usr/lib/gcc/x86_64-linux-gnu/4.8/:/usr/lib/gcc/x86_64-linux-gnu/
LIBRARY_PATH=/usr/lib/gcc/x86_64-linux-gnu/4.8/:/usr/lib/gcc/x86_64-linux-gnu/4.8/../../../x86_64-linux-gnu/:/usr/lib/gcc/x86_64-linux-gnu/4.8/../../../../lib/:/lib/x86_64-linux-gnu/:/lib/../lib/:/usr/lib/x86_64-linux-gnu/:/usr/lib/../lib/:/usr/lib/gcc/x86_64-linux-gnu/4.8/../../../:/lib/:/usr/lib/
COLLECT_GCC_OPTIONS='-v' '-o' 'cmTryCompileExec2972957063' '-rdynamic' '-mtune=generic' '-march=x86-64'
 /usr/lib/gcc/x86_64-linux-gnu/4.8/collect2 --sysroot=/ --build-id --eh-frame-hdr -m elf_x86_64 --hash-style=gnu --as-needed -export-dynamic -dynamic-linker /lib64/ld-linux-x86-64.so.2 -z relro -o cmTryCompileExec2972957063 /usr/lib/gcc/x86_64-linux-gnu/4.8/../../../x86_64-linux-gnu/crt1.o /usr/lib/gcc/x86_64-linux-gnu/4.8/../../../x86_64-linux-gnu/crti.o /usr/lib/gcc/x86_64-linux-gnu/4.8/crtbegin.o -L/usr/lib/gcc/x86_64-linux-gnu/4.8 -L/usr/lib/gcc/x86_64-linux-gnu/4.8/../../../x86_64-linux-gnu -L/usr/lib/gcc/x86_64-linux-gnu/4.8/../../../../lib -L/lib/x86_64-linux-gnu -L/lib/../lib -L/usr/lib/x86_64-linux-gnu -L/usr/lib/../lib -L/usr/lib/gcc/x86_64-linux-gnu/4.8/../../.. CMakeFiles/cmTryCompileExec2972957063.dir/CMakeCCompilerABI.c.o -lgcc --as-needed -lgcc_s --no-as-needed -lc -lgcc --as-needed -lgcc_s --no-as-needed /usr/lib/gcc/x86_64-linux-gnu/4.8/crtend.o /usr/lib/gcc/x86_64-linux-gnu/4.8/../../../x86_64-linux-gnu/crtn.o
make[1]: Leaving directory `/home/felipe/Development/exifyay/CMakeFiles/CMakeTmp'


Parsed C implicit link information from above output:
  link line regex: [^( *|.*[/\])(ld|([^/\]+-)?ld|collect2)[^/\]*( |$)]
  ignore line: [Change Dir: /home/felipe/Development/exifyay/CMakeFiles/CMakeTmp]
  ignore line: []
  ignore line: [Run Build Command:/usr/bin/make "cmTryCompileExec2972957063/fast"]
  ignore line: [/usr/bin/make -f CMakeFiles/cmTryCompileExec2972957063.dir/build.make CMakeFiles/cmTryCompileExec2972957063.dir/build]
  ignore line: [make[1]: Entering directory `/home/felipe/Development/exifyay/CMakeFiles/CMakeTmp']
  ignore line: [/usr/bin/cmake -E cmake_progress_report /home/felipe/Development/exifyay/CMakeFiles/CMakeTmp/CMakeFiles 1]
  ignore line: [Building C object CMakeFiles/cmTryCompileExec2972957063.dir/CMakeCCompilerABI.c.o]
  ignore line: [/usr/bin/cc    -o CMakeFiles/cmTryCompileExec2972957063.dir/CMakeCCompilerABI.c.o   -c /usr/share/cmake-2.8/Modules/CMakeCCompilerABI.c]
  ignore line: [Linking C executable cmTryCompileExec2972957063]
  ignore line: [/usr/bin/cmake -E cmake_link_script CMakeFiles/cmTryCompileExec2972957063.dir/link.txt --verbose=1]
  ignore line: [/usr/bin/cc     -v CMakeFiles/cmTryCompileExec2972957063.dir/CMakeCCompilerABI.c.o  -o cmTryCompileExec2972957063 -rdynamic  ]
  ignore line: [Using built-in specs.]
  ignore line: [COLLECT_GCC=/usr/bin/cc]
  ignore line: [COLLECT_LTO_WRAPPER=/usr/lib/gcc/x86_64-linux-gnu/4.8/lto-wrapper]
  ignore line: [Target: x86_64-linux-gnu]
  ignore line: [Configured with: ../src/configure -v --with-pkgversion='Ubuntu 4.8.2-19ubuntu1' --with-bugurl=file:///usr/share/doc/gcc-4.8/README.Bugs --enable-languages=c,c++,java,go,d,fortran,objc,obj-c++ --prefix=/usr --program-suffix=-4.8 --enable-shared --enable-linker-build-id --libexecdir=/usr/lib --without-included-gettext --enable-threads=posix --with-gxx-include-dir=/usr/include/c++/4.8 --libdir=/usr/lib --enable-nls --with-sysroot=/ --enable-clocale=gnu --enable-libstdcxx-debug --enable-libstdcxx-time=yes --enable-gnu-unique-object --disable-libmudflap --enable-plugin --with-system-zlib --disable-browser-plugin --enable-java-awt=gtk --enable-gtk-cairo --with-java-home=/usr/lib/jvm/java-1.5.0-gcj-4.8-amd64/jre --enable-java-home --with-jvm-root-dir=/usr/lib/jvm/java-1.5.0-gcj-4.8-amd64 --with-jvm-jar-dir=/usr/lib/jvm-exports/java-1.5.0-gcj-4.8-amd64 --with-arch-directory=amd64 --with-ecj-jar=/usr/share/java/eclipse-ecj.jar --enable-objc-gc --enable-multiarch --disable-werror --with-arch-32=i686 --with-abi=m64 --with-multilib-list=m32,m64,mx32 --with-tune=generic --enable-checking=release --build=x86_64-linux-gnu --host=x86_64-linux-gnu --target=x86_64-linux-gnu]
  ignore line: [Thread model: posix]
  ignore line: [gcc version 4.8.2 (Ubuntu 4.8.2-19ubuntu1) ]
  ignore line: [COMPILER_PATH=/usr/lib/gcc/x86_64-linux-gnu/4.8/:/usr/lib/gcc/x86_64-linux-gnu/4.8/:/usr/lib/gcc/x86_64-linux-gnu/:/usr/lib/gcc/x86_64-linux-gnu/4.8/:/usr/lib/gcc/x86_64-linux-gnu/]
  ignore line: [LIBRARY_PATH=/usr/lib/gcc/x86_64-linux-gnu/4.8/:/usr/lib/gcc/x86_64-linux-gnu/4.8/../../../x86_64-linux-gnu/:/usr/lib/gcc/x86_64-linux-gnu/4.8/../../../../lib/:/lib/x86_64-linux-gnu/:/lib/../lib/:/usr/lib/x86_64-linux-gnu/:/usr/lib/../lib/:/usr/lib/gcc/x86_64-linux-gnu/4.8/../../../:/lib/:/usr/lib/]
  ignore line: [COLLECT_GCC_OPTIONS='-v' '-o' 'cmTryCompileExec2972957063' '-rdynamic' '-mtune=generic' '-march=x86-64']
  link line: [ /usr/lib/gcc/x86_64-linux-gnu/4.8/collect2 --sysroot=/ --build-id --eh-frame-hdr -m elf_x86_64 --hash-style=gnu --as-needed -export-dynamic -dynamic-linker /lib64/ld-linux-x86-64.so.2 -z relro -o cmTryCompileExec2972957063 /usr/lib/gcc/x86_64-linux-gnu/4.8/../../../x86_64-linux-gnu/crt1.o /usr/lib/gcc/x86_64-linux-gnu/4.8/../../../x86_64-linux-gnu/crti.o /usr/lib/gcc/x86_64-linux-gnu/4.8/crtbegin.o -L/usr/lib/gcc/x86_64-linux-gnu/4.8 -L/usr/lib/gcc/x86_64-linux-gnu/4.8/../../../x86_64-linux-gnu -L/usr/lib/gcc/x86_64-linux-gnu/4.8/../../../../lib -L/lib/x86_64-linux-gnu -L/lib/../lib -L/usr/lib/x86_64-linux-gnu -L/usr/lib/../lib -L/usr/lib/gcc/x86_64-linux-gnu/4.8/../../.. CMakeFiles/cmTryCompileExec2972957063.dir/CMakeCCompilerABI.c.o -lgcc --as-needed -lgcc_s --no-as-needed -lc -lgcc --as-needed -lgcc_s --no-as-needed /usr/lib/gcc/x86_64-linux-gnu/4.8/crtend.o /usr/lib/gcc/x86_64-linux-gnu/4.8/../../../x86_64-linux-gnu/crtn.o]
    arg [/usr/lib/gcc/x86_64-linux-gnu/4.8/collect2] ==> ignore
    arg [--sysroot=/] ==> ignore
    arg [--build-id] ==> ignore
    arg [--eh-frame-hdr] ==> ignore
    arg [-m] ==> ignore
    arg [elf_x86_64] ==> ignore
    arg [--hash-style=gnu] ==> ignore
    arg [--as-needed] ==> ignore
    arg [-export-dynamic] ==> ignore
    arg [-dynamic-linker] ==> ignore
    arg [/lib64/ld-linux-x86-64.so.2] ==> ignore
    arg [-zrelro] ==> ignore
    arg [-o] ==> ignore
    arg [cmTryCompileExec2972957063] ==> ignore
    arg [/usr/lib/gcc/x86_64-linux-gnu/4.8/../../../x86_64-linux-gnu/crt1.o] ==> ignore
    arg [/usr/lib/gcc/x86_64-linux-gnu/4.8/../../../x86_64-linux-gnu/crti.o] ==> ignore
    arg [/usr/lib/gcc/x86_64-linux-gnu/4.8/crtbegin.o] ==> ignore
    arg [-L/usr/lib/gcc/x86_64-linux-gnu/4.8] ==> dir [/usr/lib/gcc/x86_64-linux-gnu/4.8]
    arg [-L/usr/lib/gcc/x86_64-linux-gnu/4.8/../../../x86_64-linux-gnu] ==> dir [/usr/lib/gcc/x86_64-linux-gnu/4.8/../../../x86_64-linux-gnu]
    arg [-L/usr/lib/gcc/x86_64-linux-gnu/4.8/../../../../lib] ==> dir [/usr/lib/gcc/x86_64-linux-gnu/4.8/../../../../lib]
    arg [-L/lib/x86_64-linux-gnu] ==> dir [/lib/x86_64-linux-gnu]
    arg [-L/lib/../lib] ==> dir [/lib/../lib]
    arg [-L/usr/lib/x86_64-linux-gnu] ==> dir [/usr/lib/x86_64-linux-gnu]
    arg [-L/usr/lib/../lib] ==> dir [/usr/lib/../lib]
    arg [-L/usr/lib/gcc/x86_64-linux-gnu/4.8/../../..] ==> dir [/usr/lib/gcc/x86_64-linux-gnu/4.8/../../..]
    arg [CMakeFiles/cmTryCompileExec2972957063.dir/CMakeCCompilerABI.c.o] ==> ignore
    arg [-lgcc] ==> lib [gcc]
    arg [--as-needed] ==> ignore
    arg [-lgcc_s] ==> lib [gcc_s]
    arg [--no-as-needed] ==> ignore
    arg [-lc] ==> lib [c]
    arg [-lgcc] ==> lib [gcc]
    arg [--as-needed] ==> ignore
    arg [-lgcc_s] ==> lib [gcc_s]
    arg [--no-as-needed] ==> ignore
    arg [/usr/lib/gcc/x86_64-linux-gnu/4.8/crtend.o] ==> ignore
    arg [/usr/lib/gcc/x86_64-linux-gnu/4.8/../../../x86_64-linux-gnu/crtn.o] ==> ignore
  remove lib [gcc]
  remove lib [gcc_s]
  remove lib [gcc]
  remove lib [gcc_s]
  collapse library dir [/usr/lib/gcc/x86_64-linux-gnu/4.8] ==> [/usr/lib/gcc/x86_64-linux-gnu/4.8]
  collapse library dir [/usr/lib/gcc/x86_64-linux-gnu/4.8/../../../x86_64-linux-gnu] ==> [/usr/lib/x86_64-linux-gnu]
  collapse library dir [/usr/lib/gcc/x86_64-linux-gnu/4.8/../../../../lib] ==> [/usr/lib]
  collapse library dir [/lib/x86_64-linux-gnu] ==> [/lib/x86_64-linux-gnu]
  collapse library dir [/lib/../lib] ==> [/lib]
  collapse library dir [/usr/lib/x86_64-linux-gnu] ==> [/usr/lib/x86_64-linux-gnu]
  collapse library dir [/usr/lib/../lib] ==> [/usr/lib]
  collapse library dir [/usr/lib/gcc/x86_64-linux-gnu/4.8/../../..] ==> [/usr/lib]
  implicit libs: [c]
  implicit dirs: [/usr/lib/gcc/x86_64-linux-gnu/4.8;/usr/lib/x86_64-linux-gnu;/usr/lib;/lib/x86_64-linux-gnu;/lib]
  implicit fwks: []


Determining if the CXX compiler works passed with the following output:
Change Dir: /home/felipe/Development/exifyay/CMakeFiles/CMakeTmp

Run Build Command:/usr/bin/make "cmTryCompileExec4063547237/fast"
/usr/bin/make -f CMakeFiles/cmTryCompileExec4063547237.dir/build.make CMakeFiles/cmTryCompileExec4063547237.dir/build
make[1]: Entering directory `/home/felipe/Development/exifyay/CMakeFiles/CMakeTmp'
/usr/bin/cmake -E cmake_progress_report /home/felipe/Development/exifyay/CMakeFiles/CMakeTmp/CMakeFiles 1
Building CXX object CMakeFiles/cmTryCompileExec4063547237.dir/testCXXCompiler.cxx.o
/usr/bin/c++     -o CMakeFiles/cmTryCompileExec4063547237.dir/testCXXCompiler.cxx.o -c /home/felipe/Development/exifyay/CMakeFiles/CMakeTmp/testCXXCompiler.cxx
Linking CXX executable cmTryCompileExec4063547237
/usr/bin/cmake -E cmake_link_script CMakeFiles/cmTryCompileExec4063547237.dir/link.txt --verbose=1
/usr/bin/c++        CMakeFiles/cmTryCompileExec4063547237.dir/testCXXCompiler.cxx.o  -o cmTryCompileExec4063547237 -rdynamic 
make[1]: Leaving directory `/home/felipe/Development/exifyay/CMakeFiles/CMakeTmp'


Detecting CXX compiler ABI info compiled with the following output:
Change Dir: /home/felipe/Development/exifyay/CMakeFiles/CMakeTmp

Run Build Command:/usr/bin/make "cmTryCompileExec254569058/fast"
/usr/bin/make -f CMakeFiles/cmTryCompileExec254569058.dir/build.make CMakeFiles/cmTryCompileExec254569058.dir/build
make[1]: Entering directory `/home/felipe/Development/exifyay/CMakeFiles/CMakeTmp'
/usr/bin/cmake -E cmake_progress_report /home/felipe/Development/exifyay/CMakeFiles/CMakeTmp/CMakeFiles 1
Building CXX object CMakeFiles/cmTryCompileExec254569058.dir/CMakeCXXCompilerABI.cpp.o
/usr/bin/c++     -o CMakeFiles/cmTryCompileExec254569058.dir/CMakeCXXCompilerABI.cpp.o -c /usr/share/cmake-2.8/Modules/CMakeCXXCompilerABI.cpp
Linking CXX executable cmTryCompileExec254569058
/usr/bin/cmake -E cmake_link_script CMakeFiles/cmTryCompileExec254569058.dir/link.txt --verbose=1
/usr/bin/c++      -v CMakeFiles/cmTryCompileExec254569058.dir/CMakeCXXCompilerABI.cpp.o  -o cmTryCompileExec254569058 -rdynamic  
Using built-in specs.
COLLECT_GCC=/usr/bin/c++
COLLECT_LTO_WRAPPER=/usr/lib/gcc/x86_64-linux-gnu/4.8/lto-wrapper
Target: x86_64-linux-gnu
Configured with: ../src/configure -v --with-pkgversion='Ubuntu 4.8.2-19ubuntu1' --with-bugurl=file:///usr/share/doc/gcc-4.8/README.Bugs --enable-languages=c,c++,java,go,d,fortran,objc,obj-c++ --prefix=/usr --program-suffix=-4.8 --enable-shared --enable-linker-build-id --libexecdir=/usr/lib --without-included-gettext --enable-threads=posix --with-gxx-include-dir=/usr/include/c++/4.8 --libdir=/usr/lib --enable-nls --with-sysroot=/ --enable-clocale=gnu --enable-libstdcxx-debug --enable-libstdcxx-time=yes --enable-gnu-unique-object --disable-libmudflap --enable-plugin --with-system-zlib --disable-browser-plugin --enable-java-awt=gtk --enable-gtk-cairo --with-java-home=/usr/lib/jvm/java-1.5.0-gcj-4.8-amd64/jre --enable-java-home --with-jvm-root-dir=/usr/lib/jvm/java-1.5.0-gcj-4.8-amd64 --with-jvm-jar-dir=/usr/lib/jvm-exports/java-1.5.0-gcj-4.8-amd64 --with-arch-directory=amd64 --with-ecj-jar=/usr/share/java/eclipse-ecj.jar --enable-objc-gc --enable-multiarch --disable-werror --with-arch-32=i686 --with-abi=m64 --with-multilib-list=m32,m64,mx32 --with-tune=generic --enable-checking=release --build=x86_64-linux-gnu --host=x86_64-linux-gnu --target=x86_64-linux-gnu
Thread model: posix
gcc version 4.8.2 (Ubuntu 4.8.2-19ubuntu1) 
COMPILER_PATH=/usr/lib/gcc/x86_64-linux-gnu/4.8/:/usr/lib/gcc/x86_64-linux-gnu/4.8/:/usr/lib/gcc/x86_64-linux-gnu/:/usr/lib/gcc/x86_64-linux-gnu/4.8/:/usr/lib/gcc/x86_64-linux-gnu/
LIBRARY_PATH=/usr/lib/gcc/x86_64-linux-gnu/4.8/:/usr/lib/gcc/x86_64-linux-gnu/4.8/../../../x86_64-linux-gnu/:/usr/lib/gcc/x86_64-linux-gnu/4.8/../../../../lib/:/lib/x86_64-linux-gnu/:/lib/../lib/:/usr/lib/x86_64-linux-gnu/:/usr/lib/../lib/:/usr/lib/gcc/x86_64-linux-gnu/4.8/../../../:/lib/:/usr/lib/
COLLECT_GCC_OPTIONS='-v' '-o' 'cmTryCompileExec254569058' '-rdynamic' '-shared-libgcc' '-mtune=generic' '-march=x86-64'
 /usr/lib/gcc/x86_64-linux-gnu/4.8/collect2 --sysroot=/ --build-id --eh-frame-hdr -m elf_x86_64 --hash-style=gnu --as-needed -export-dynamic -dynamic-linker /lib64/ld-linux-x86-64.so.2 -z relro -o cmTryCompileExec254569058 /usr/lib/gcc/x86_64-linux-gnu/4.8/../../../x86_64-linux-gnu/crt1.o /usr/lib/gcc/x86_64-linux-gnu/4.8/../../../x86_64-linux-gnu/crti.o /usr/lib/gcc/x86_64-linux-gnu/4.8/crtbegin.o -L/usr/lib/gcc/x86_64-linux-gnu/4.8 -L/usr/lib/gcc/x86_64-linux-gnu/4.8/../../../x86_64-linux-gnu -L/usr/lib/gcc/x86_64-linux-gnu/4.8/../../../../lib -L/lib/x86_64-linux-gnu -L/lib/../lib -L/usr/lib/x86_64-linux-gnu -L/usr/lib/../lib -L/usr/lib/gcc/x86_64-linux-gnu/4.8/../../.. CMakeFiles/cmTryCompileExec254569058.dir/CMakeCXXCompilerABI.cpp.o -lstdc++ -lm -lgcc_s -lgcc -lc -lgcc_s -lgcc /usr/lib/gcc/x86_64-linux-gnu/4.8/crtend.o /usr/lib/gcc/x86_64-linux-gnu/4.8/../../../x86_64-linux-gnu/crtn.o
make[1]: Leaving directory `/home/felipe/Development/exifyay/CMakeFiles/CMakeTmp'


Parsed CXX implicit link information from above output:
  link line regex: [^( *|.*[/\])(ld|([^/\]+-)?ld|collect2)[^/\]*( |$)]
  ignore line: [Change Dir: /home/felipe/Development/exifyay/CMakeFiles/CMakeTmp]
  ignore line: []
  ignore line: [Run Build Command:/usr/bin/make "cmTryCompileExec254569058/fast"]
  ignore line: [/usr/bin/make -f CMakeFiles/cmTryCompileExec254569058.dir/build.make CMakeFiles/cmTryCompileExec254569058.dir/build]
  ignore line: [make[1]: Entering directory `/home/felipe/Development/exifyay/CMakeFiles/CMakeTmp']
  ignore line: [/usr/bin/cmake -E cmake_progress_report /home/felipe/Development/exifyay/CMakeFiles/CMakeTmp/CMakeFiles 1]
  ignore line: [Building CXX object CMakeFiles/cmTryCompileExec254569058.dir/CMakeCXXCompilerABI.cpp.o]
  ignore line: [/usr/bin/c++     -o CMakeFiles/cmTryCompileExec254569058.dir/CMakeCXXCompilerABI.cpp.o -c /usr/share/cmake-2.8/Modules/CMakeCXXCompilerABI.cpp]
  ignore line: [Linking CXX executable cmTryCompileExec254569058]
  ignore line: [/usr/bin/cmake -E cmake_link_script CMakeFiles/cmTryCompileExec254569058.dir/link.txt --verbose=1]
  ignore line: [/usr/bin/c++      -v CMakeFiles/cmTryCompileExec254569058.dir/CMakeCXXCompilerABI.cpp.o  -o cmTryCompileExec254569058 -rdynamic  ]
  ignore line: [Using built-in specs.]
  ignore line: [COLLECT_GCC=/usr/bin/c++]
  ignore line: [COLLECT_LTO_WRAPPER=/usr/lib/gcc/x86_64-linux-gnu/4.8/lto-wrapper]
  ignore line: [Target: x86_64-linux-gnu]
  ignore line: [Configured with: ../src/configure -v --with-pkgversion='Ubuntu 4.8.2-19ubuntu1' --with-bugurl=file:///usr/share/doc/gcc-4.8/README.Bugs --enable-languages=c,c++,java,go,d,fortran,objc,obj-c++ --prefix=/usr --program-suffix=-4.8 --enable-shared --enable-linker-build-id --libexecdir=/usr/lib --without-included-gettext --enable-threads=posix --with-gxx-include-dir=/usr/include/c++/4.8 --libdir=/usr/lib --enable-nls --with-sysroot=/ --enable-clocale=gnu --enable-libstdcxx-debug --enable-libstdcxx-time=yes --enable-gnu-unique-object --disable-libmudflap --enable-plugin --with-system-zlib --disable-browser-plugin --enable-java-awt=gtk --enable-gtk-cairo --with-java-home=/usr/lib/jvm/java-1.5.0-gcj-4.8-amd64/jre --enable-java-home --with-jvm-root-dir=/usr/lib/jvm/java-1.5.0-gcj-4.8-amd64 --with-jvm-jar-dir=/usr/lib/jvm-exports/java-1.5.0-gcj-4.8-amd64 --with-arch-directory=amd64 --with-ecj-jar=/usr/share/java/eclipse-ecj.jar --enable-objc-gc --enable-multiarch --disable-werror --with-arch-32=i686 --with-abi=m64 --with-multilib-list=m32,m64,mx32 --with-tune=generic --enable-checking=release --build=x86_64-linux-gnu --host=x86_64-linux-gnu --target=x86_64-linux-gnu]
  ignore line: [Thread model: posix]
  ignore line: [gcc version 4.8.2 (Ubuntu 4.8.2-19ubuntu1) ]
  ignore line: [COMPILER_PATH=/usr/lib/gcc/x86_64-linux-gnu/4.8/:/usr/lib/gcc/x86_64-linux-gnu/4.8/:/usr/lib/gcc/x86_64-linux-gnu/:/usr/lib/gcc/x86_64-linux-gnu/4.8/:/usr/lib/gcc/x86_64-linux-gnu/]
  ignore line: [LIBRARY_PATH=/usr/lib/gcc/x86_64-linux-gnu/4.8/:/usr/lib/gcc/x86_64-linux-gnu/4.8/../../../x86_64-linux-gnu/:/usr/lib/gcc/x86_64-linux-gnu/4.8/../../../../lib/:/lib/x86_64-linux-gnu/:/lib/../lib/:/usr/lib/x86_64-linux-gnu/:/usr/lib/../lib/:/usr/lib/gcc/x86_64-linux-gnu/4.8/../../../:/lib/:/usr/lib/]
  ignore line: [COLLECT_GCC_OPTIONS='-v' '-o' 'cmTryCompileExec254569058' '-rdynamic' '-shared-libgcc' '-mtune=generic' '-march=x86-64']
  link line: [ /usr/lib/gcc/x86_64-linux-gnu/4.8/collect2 --sysroot=/ --build-id --eh-frame-hdr -m elf_x86_64 --hash-style=gnu --as-needed -export-dynamic -dynamic-linker /lib64/ld-linux-x86-64.so.2 -z relro -o cmTryCompileExec254569058 /usr/lib/gcc/x86_64-linux-gnu/4.8/../../../x86_64-linux-gnu/crt1.o /usr/lib/gcc/x86_64-linux-gnu/4.8/../../../x86_64-linux-gnu/crti.o /usr/lib/gcc/x86_64-linux-gnu/4.8/crtbegin.o -L/usr/lib/gcc/x86_64-linux-gnu/4.8 -L/usr/lib/gcc/x86_64-linux-gnu/4.8/../../../x86_64-linux-gnu -L/usr/lib/gcc/x86_64-linux-gnu/4.8/../../../../lib -L/lib/x86_64-linux-gnu -L/lib/../lib -L/usr/lib/x86_64-linux-gnu -L/usr/lib/../lib -L/usr/lib/gcc/x86_64-linux-gnu/4.8/../../.. CMakeFiles/cmTryCompileExec254569058.dir/CMakeCXXCompilerABI.cpp.o -lstdc++ -lm -lgcc_s -lgcc -lc -lgcc_s -lgcc /usr/lib/gcc/x86_64-linux-gnu/4.8/crtend.o /usr/lib/gcc/x86_64-linux-gnu/4.8/../../../x86_64-linux-gnu/crtn.o]
    arg [/usr/lib/gcc/x86_64-linux-gnu/4.8/collect2] ==> ignore
    arg [--sysroot=/] ==> ignore
    arg [--build-id] ==> ignore
    arg [--eh-frame-hdr] ==> ignore
    arg [-m] ==> ignore
    arg [elf_x86_64] ==> ignore
    arg [--hash-style=gnu] ==> ignore
    arg [--as-needed] ==> ignore
    arg [-export-dynamic] ==> ignore
    arg [-dynamic-linker] ==> ignore
    arg [/lib64/ld-linux-x86-64.so.2] ==> ignore
    arg [-zrelro] ==> ignore
    arg [-o] ==> ignore
    arg [cmTryCompileExec254569058] ==> ignore
    arg [/usr/lib/gcc/x86_64-linux-gnu/4.8/../../../x86_64-linux-gnu/crt1.o] ==> ignore
    arg [/usr/lib/gcc/x86_64-linux-gnu/4.8/../../../x86_64-linux-gnu/crti.o] ==> ignore
    arg [/usr/lib/gcc/x86_64-linux-gnu/4.8/crtbegin.o] ==> ignore
    arg [-L/usr/lib/gcc/x86_64-linux-gnu/4.8] ==> dir [/usr/lib/gcc/x86_64-linux-gnu/4.8]
    arg [-L/usr/lib/gcc/x86_64-linux-gnu/4.8/../../../x86_64-linux-gnu] ==> dir [/usr/lib/gcc/x86_64-linux-gnu/4.8/../../../x86_64-linux-gnu]
    arg [-L/usr/lib/gcc/x86_64-linux-gnu/4.8/../../../../lib] ==> dir [/usr/lib/gcc/x86_64-linux-gnu/4.8/../../../../lib]
    arg [-L/lib/x86_64-linux-gnu] ==> dir [/lib/x86_64-linux-gnu]
    arg [-L/lib/../lib] ==> dir [/lib/../lib]
    arg [-L/usr/lib/x86_64-linux-gnu] ==> dir [/usr/lib/x86_64-linux-gnu]
    arg [-L/usr/lib/../lib] ==> dir [/usr/lib/../lib]
    arg [-L/usr/lib/gcc/x86_64-linux-gnu/4.8/../../..] ==> dir [/usr/lib/gcc/x86_64-linux-gnu/4.8/../../..]
    arg [CMakeFiles/cmTryCompileExec254569058.dir/CMakeCXXCompilerABI.cpp.o] ==> ignore
    arg [-lstdc++] ==> lib [stdc++]
    arg [-lm] ==> lib [m]
    arg [-lgcc_s] ==> lib [gcc_s]
    arg [-lgcc] ==> lib [gcc]
    arg [-lc] ==> lib [c]
    arg [-lgcc_s] ==> lib [gcc_s]
    arg [-lgcc] ==> lib [gcc]
    arg [/usr/lib/gcc/x86_64-linux-gnu/4.8/crtend.o] ==> ignore
    arg [/usr/lib/gcc/x86_64-linux-gnu/4.8/../../../x86_64-linux-gnu/crtn.o] ==> ignore
  remove lib [gcc_s]
  remove lib [gcc]
  remove lib [gcc_s]
  remove lib [gcc]
  collapse library dir [/usr/lib/gcc/x86_64-linux-gnu/4.8] ==> [/usr/lib/gcc/x86_64-linux-gnu/4.8]
  collapse library dir [/usr/lib/gcc/x86_64-linux-gnu/4.8/../../../x86_64-linux-gnu] ==> [/usr/lib/x86_64-linux-gnu]
  collapse library dir [/usr/lib/gcc/x86_64-linux-gnu/4.8/../../../../lib] ==> [/usr/lib]
  collapse library dir [/lib/x86_64-linux-gnu] ==> [/lib/x86_64-linux-gnu]
  collapse library dir [/lib/../lib] ==> [/lib]
  collapse library dir [/usr/lib/x86_64-linux-gnu] ==> [/usr/lib/x86_64-linux-gnu]
  collapse library dir [/usr/lib/../lib] ==> [/usr/lib]
  collapse library dir [/usr/lib/gcc/x86_64-linux-gnu/4.8/../../..] ==> [/usr/lib]
  implicit libs: [stdc++;m;c]
  implicit dirs: [/usr/lib/gcc/x86_64-linux-gnu/4.8;/usr/lib/x86_64-linux-gnu;/usr/lib;/lib/x86_64-linux-gnu;/lib]
  implicit fwks: []


Determining if the function dcgettext exists passed with the following output:
Change Dir: /home/felipe/Development/exifyay/CMakeFiles/CMakeTmp

Run Build Command:/usr/bin/make "cmTryCompileExec1377639775/fast"
/usr/bin/make -f CMakeFiles/cmTryCompileExec1377639775.dir/build.make CMakeFiles/cmTryCompileExec1377639775.dir/build
make[1]: Entering directory `/home/felipe/Development/exifyay/CMakeFiles/CMakeTmp'
/usr/bin/cmake -E cmake_progress_report /home/felipe/Development/exifyay/CMakeFiles/CMakeTmp/CMakeFiles 1
Building C object CMakeFiles/cmTryCompileExec1377639775.dir/CheckFunctionExists.c.o
/usr/bin/cc   -DCHECK_FUNCTION_EXISTS=dcgettext   -o CMakeFiles/cmTryCompileExec1377639775.dir/CheckFunctionExists.c.o   -c /usr/share/cmake-2.8/Modules/CheckFunctionExists.c
<command-line>:0:23: warning: conflicting types for built-in function ‘dcgettext’ [enabled by default]
/usr/share/cmake-2.8/Modules/CheckFunctionExists.c:3:6: note: in expansion of macro ‘CHECK_FUNCTION_EXISTS’
 char CHECK_FUNCTION_EXISTS();
      ^
Linking C executable cmTryCompileExec1377639775
/usr/bin/cmake -E cmake_link_script CMakeFiles/cmTryCompileExec1377639775.dir/link.txt --verbose=1
/usr/bin/cc   -DCHECK_FUNCTION_EXISTS=dcgettext    CMakeFiles/cmTryCompileExec1377639775.dir/CheckFunctionExists.c.o  -o cmTryCompileExec1377639775 -rdynamic 
make[1]: Leaving directory `/home/felipe/Development/exifyay/CMakeFiles/CMakeTmp'


Determining if files dlfcn.h exist passed with the following output:
Change Dir: /home/felipe/Development/exifyay/CMakeFiles/CMakeTmp

Run Build Command:/usr/bin/make "cmTryCompileExec598270313/fast"
/usr/bin/make -f CMakeFiles/cmTryCompileExec598270313.dir/build.make CMakeFiles/cmTryCompileExec598270313.dir/build
make[1]: Entering directory `/home/felipe/Development/exifyay/CMakeFiles/CMakeTmp'
/usr/bin/cmake -E cmake_progress_report /home/felipe/Development/exifyay/CMakeFiles/CMakeTmp/CMakeFiles 1
Building C object CMakeFiles/cmTryCompileExec598270313.dir/CheckIncludeFiles.c.o
/usr/bin/cc    -o CMakeFiles/cmTryCompileExec598270313.dir/CheckIncludeFiles.c.o   -c /home/felipe/Development/exifyay/CMakeFiles/CMakeTmp/CheckIncludeFiles.c
Linking C executable cmTryCompileExec598270313
/usr/bin/cmake -E cmake_link_script CMakeFiles/cmTryCompileExec598270313.dir/link.txt --verbose=1
/usr/bin/cc       CMakeFiles/cmTryCompileExec598270313.dir/CheckIncludeFiles.c.o  -o cmTryCompileExec598270313 -rdynamic 
make[1]: Leaving directory `/home/felipe/Development/exifyay/CMakeFiles/CMakeTmp'


Determining if the function gettext exists passed with the following output:
Change Dir: /home/felipe/Development/exifyay/CMakeFiles/CMakeTmp

Run Build Command:/usr/bin/make "cmTryCompileExec3129077258/fast"
/usr/bin/make -f CMakeFiles/cmTryCompileExec3129077258.dir/build.make CMakeFiles/cmTryCompileExec3129077258.dir/build
make[1]: Entering directory `/home/felipe/Development/exifyay/CMakeFiles/CMakeTmp'
/usr/bin/cmake -E cmake_progress_report /home/felipe/Development/exifyay/CMakeFiles/CMakeTmp/CMakeFiles 1
Building C object CMakeFiles/cmTryCompileExec3129077258.dir/CheckFunctionExists.c.o
/usr/bin/cc   -DCHECK_FUNCTION_EXISTS=gettext   -o CMakeFiles/cmTryCompileExec3129077258.dir/CheckFunctionExists.c.o   -c /usr/share/cmake-2.8/Modules/CheckFunctionExists.c
<command-line>:0:23: warning: conflicting types for built-in function ‘gettext’ [enabled by default]
/usr/share/cmake-2.8/Modules/CheckFunctionExists.c:3:6: note: in expansion of macro ‘CHECK_FUNCTION_EXISTS’
 char CHECK_FUNCTION_EXISTS();
      ^
Linking C executable cmTryCompileExec3129077258
/usr/bin/cmake -E cmake_link_script CMakeFiles/cmTryCompileExec3129077258.dir/link.txt --verbose=1
/usr/bin/cc   -DCHECK_FUNCTION_EXISTS=gettext    CMakeFiles/cmTryCompileExec3129077258.dir/CheckFunctionExists.c.o  -o cmTryCompileExec3129077258 -rdynamic 
make[1]: Leaving directory `/home/felipe/Development/exifyay/CMakeFiles/CMakeTmp'


Determining if the function iconv exists passed with the following output:
Change Dir: /home/felipe/Development/exifyay/CMakeFiles/CMakeTmp

Run Build Command:/usr/bin/make "cmTryCompileExec832631231/fast"
/usr/bin/make -f CMakeFiles/cmTryCompileExec832631231.dir/build.make CMakeFiles/cmTryCompileExec832631231.dir/build
make[1]: Entering directory `/home/felipe/Development/exifyay/CMakeFiles/CMakeTmp'
/usr/bin/cmake -E cmake_progress_report /home/felipe/Development/exifyay/CMakeFiles/CMakeTmp/CMakeFiles 1
Building C object CMakeFiles/cmTryCompileExec832631231.dir/CheckFunctionExists.c.o
/usr/bin/cc   -DCHECK_FUNCTION_EXISTS=iconv   -o CMakeFiles/cmTryCompileExec832631231.dir/CheckFunctionExists.c.o   -c /usr/share/cmake-2.8/Modules/CheckFunctionExists.c
Linking C executable cmTryCompileExec832631231
/usr/bin/cmake -E cmake_link_script CMakeFiles/cmTryCompileExec832631231.dir/link.txt --verbose=1
/usr/bin/cc   -DCHECK_FUNCTION_EXISTS=iconv    CMakeFiles/cmTryCompileExec832631231.dir/CheckFunctionExists.c.o  -o cmTryCompileExec832631231 -rdynamic 
make[1]: Leaving directory `/home/felipe/Development/exifyay/CMakeFiles/CMakeTmp'


Determining if files inttypes.h exist passed with the following output:
Change Dir: /home/felipe/Development/exifyay/CMakeFiles/CMakeTmp

Run Build Command:/usr/bin/make "cmTryCompileExec1827029052/fast"
/usr/bin/make -f CMakeFiles/cmTryCompileExec1827029052.dir/build.make CMakeFiles/cmTryCompileExec1827029052.dir/build
make[1]: Entering directory `/home/felipe/Development/exifyay/CMakeFiles/CMakeTmp'
/usr/bin/cmake -E cmake_progress_report /home/felipe/Development/exifyay/CMakeFiles/CMakeTmp/CMakeFiles 1
Building C object CMakeFiles/cmTryCompileExec1827029052.dir/CheckIncludeFiles.c.o
/usr/bin/cc    -o CMakeFiles/cmTryCompileExec1827029052.dir/CheckIncludeFiles.c.o   -c /home/felipe/Development/exifyay/CMakeFiles/CMakeTmp/CheckIncludeFiles.c
Linking C executable cmTryCompileExec1827029052
/usr/bin/cmake -E cmake_link_script CMakeFiles/cmTryCompileExec1827029052.dir/link.txt --verbose=1
/usr/bin/cc       CMakeFiles/cmTryCompileExec1827029052.dir/CheckIncludeFiles.c.o  -o cmTryCompileExec1827029052 -rdynamic 
make[1]: Leaving directory `/home/felipe/Development/exifyay/CMakeFiles/CMakeTmp'


Determining if the function localtime_r exists passed with the following output:
Change Dir: /home/felipe/Development/exifyay/CMakeFiles/CMakeTmp

Run Build Command:/usr/bin/make "cmTryCompileExec1054409251/fast"
/usr/bin/make -f CMakeFiles/cmTryCompileExec1054409251.dir/build.make CMakeFiles/cmTryCompileExec1054409251.dir/build
make[1]: Entering directory `/home/felipe/Development/exifyay/CMakeFiles/CMakeTmp'
/usr/bin/cmake -E cmake_progress_report /home/felipe/Development/exifyay/CMakeFiles/CMakeTmp/CMakeFiles 1
Building C object CMakeFiles/cmTryCompileExec1054409251.dir/CheckFunctionExists.c.o
/usr/bin/cc   -DCHECK_FUNCTION_EXISTS=localtime_r   -o CMakeFiles/cmTryCompileExec1054409251.dir/CheckFunctionExists.c.o   -c /usr/share/cmake-2.8/Modules/CheckFunctionExists.c
Linking C executable cmTryCompileExec1054409251
/usr/bin/cmake -E cmake_link_script CMakeFiles/cmTryCompileExec1054409251.dir/link.txt --verbose=1
/usr/bin/cc   -DCHECK_FUNCTION_EXISTS=localtime_r    CMakeFiles/cmTryCompileExec1054409251.dir/CheckFunctionExists.c.o  -o cmTryCompileExec1054409251 -rdynamic 
make[1]: Leaving directory `/home/felipe/Development/exifyay/CMakeFiles/CMakeTmp'


Determining if files memory.h exist passed with the following output:
Change Dir: /home/felipe/Development/exifyay/CMakeFiles/CMakeTmp

Run Build Command:/usr/bin/make "cmTryCompileExec4138730729/fast"
/usr/bin/make -f CMakeFiles/cmTryCompileExec4138730729.dir/build.make CMakeFiles/cmTryCompileExec4138730729.dir/build
make[1]: Entering directory `/home/felipe/Development/exifyay/CMakeFiles/CMakeTmp'
/usr/bin/cmake -E cmake_progress_report /home/felipe/Development/exifyay/CMakeFiles/CMakeTmp/CMakeFiles 1
Building C object CMakeFiles/cmTryCompileExec4138730729.dir/CheckIncludeFiles.c.o
/usr/bin/cc    -o CMakeFiles/cmTryCompileExec4138730729.dir/CheckIncludeFiles.c.o   -c /home/felipe/Development/exifyay/CMakeFiles/CMakeTmp/CheckIncludeFiles.c
Linking C executable cmTryCompileExec4138730729
/usr/bin/cmake -E cmake_link_script CMakeFiles/cmTryCompileExec4138730729.dir/link.txt --verbose=1
/usr/bin/cc       CMakeFiles/cmTryCompileExec4138730729.dir/CheckIncludeFiles.c.o  -o cmTryCompileExec4138730729 -rdynamic 
make[1]: Leaving directory `/home/felipe/Development/exifyay/CMakeFiles/CMakeTmp'


Determining if files stdint.h exist passed with the following output:
Change Dir: /home/felipe/Development/exifyay/CMakeFiles/CMakeTmp

Run Build Command:/usr/bin/make "cmTryCompileExec1525709120/fast"
/usr/bin/make -f CMakeFiles/cmTryCompileExec1525709120.dir/build.make CMakeFiles/cmTryCompileExec1525709120.dir/build
make[1]: Entering directory `/home/felipe/Development/exifyay/CMakeFiles/CMakeTmp'
/usr/bin/cmake -E cmake_progress_report /home/felipe/Development/exifyay/CMakeFiles/CMakeTmp/CMakeFiles 1
Building C object CMakeFiles/cmTryCompileExec1525709120.dir/CheckIncludeFiles.c.o
/usr/bin/cc    -o CMakeFiles/cmTryCompileExec1525709120.dir/CheckIncludeFiles.c.o   -c /home/felipe/Development/exifyay/CMakeFiles/CMakeTmp/CheckIncludeFiles.c
Linking C executable cmTryCompileExec1525709120
/usr/bin/cmake -E cmake_link_script CMakeFiles/cmTryCompileExec1525709120.dir/link.txt --verbose=1
/usr/bin/cc       CMakeFiles/cmTryCompileExec1525709120.dir/CheckIncludeFiles.c.o  -o cmTryCompileExec1525709120 -rdynamic 
make[1]: Leaving directory `/home/felipe/Development/exifyay/CMakeFiles/CMakeTmp'


Determining if files stdlib.h exist passed with the following output:
Change Dir: /home/felipe/Development/exifyay/CMakeFiles/CMakeTmp

Run Build Command:/usr/bin/make "cmTryCompileExec2710609517/fast"
/usr/bin/make -f CMakeFiles/cmTryCompileExec2710609517.dir/build.make CMakeFiles/cmTryCompileExec2710609517.dir/build
make[1]: Entering directory `/home/felipe/Development/exifyay/CMakeFiles/CMakeTmp'
/usr/bin/cmake -E cmake_progress_report /home/felipe/Development/exifyay/CMakeFiles/CMakeTmp/CMakeFiles 1
Building C object CMakeFiles/cmTryCompileExec2710609517.dir/CheckIncludeFiles.c.o
/usr/bin/cc    -o CMakeFiles/cmTryCompileExec2710609517.dir/CheckIncludeFiles.c.o   -c /home/felipe/Development/exifyay/CMakeFiles/CMakeTmp/CheckIncludeFiles.c
Linking C executable cmTryCompileExec2710609517
/usr/bin/cmake -E cmake_link_script CMakeFiles/cmTryCompileExec2710609517.dir/link.txt --verbose=1
/usr/bin/cc       CMakeFiles/cmTryCompileExec2710609517.dir/CheckIncludeFiles.c.o  -o cmTryCompileExec2710609517 -rdynamic 
make[1]: Leaving directory `/home/felipe/Development/exifyay/CMakeFiles/CMakeTmp'


Determining if files strings.h exist passed with the following output:
Change Dir: /home/felipe/Development/exifyay/CMakeFiles/CMakeTmp

Run Build Command:/usr/bin/make "cmTryCompileExec372653193/fast"
/usr/bin/make -f CMakeFiles/cmTryCompileExec372653193.dir/build.make CMakeFiles/cmTryCompileExec372653193.dir/build
make[1]: Entering directory `/home/felipe/Development/exifyay/CMakeFiles/CMakeTmp'
/usr/bin/cmake -E cmake_progress_report /home/felipe/Development/exifyay/CMakeFiles/CMakeTmp/CMakeFiles 1
Building C object CMakeFiles/cmTryCompileExec372653193.dir/CheckIncludeFiles.c.o
/usr/bin/cc    -o CMakeFiles/cmTryCompileExec372653193.dir/CheckIncludeFiles.c.o   -c /home/felipe/Development/exifyay/CMakeFiles/CMakeTmp/CheckIncludeFiles.c
Linking C executable cmTryCompileExec372653193
/usr/bin/cmake -E cmake_link_script CMakeFiles/cmTryCompileExec372653193.dir/link.txt --verbose=1
/usr/bin/cc       CMakeFiles/cmTryCompileExec372653193.dir/CheckIncludeFiles.c.o  -o cmTryCompileExec372653193 -rdynamic 
make[1]: Leaving directory `/home/felipe/Development/exifyay/CMakeFiles/CMakeTmp'


Determining if files string.h exist passed with the following output:
Change Dir: /home/felipe/Development/exifyay/CMakeFiles/CMakeTmp

Run Build Command:/usr/bin/make "cmTryCompileExec281825496/fast"
/usr/bin/make -f CMakeFiles/cmTryCompileExec281825496.dir/build.make CMakeFiles/cmTryCompileExec281825496.dir/build
make[1]: Entering directory `/home/felipe/Development/exifyay/CMakeFiles/CMakeTmp'
/usr/bin/cmake -E cmake_progress_report /home/felipe/Development/exifyay/CMakeFiles/CMakeTmp/CMakeFiles 1
Building C object CMakeFiles/cmTryCompileExec281825496.dir/CheckIncludeFiles.c.o
/usr/bin/cc    -o CMakeFiles/cmTryCompileExec281825496.dir/CheckIncludeFiles.c.o   -c /home/felipe/Development/exifyay/CMakeFiles/CMakeTmp/CheckIncludeFiles.c
Linking C executable cmTryCompileExec281825496
/usr/bin/cmake -E cmake_link_script CMakeFiles/cmTryCompileExec281825496.dir/link.txt --verbose=1
/usr/bin/cc       CMakeFiles/cmTryCompileExec281825496.dir/CheckIncludeFiles.c.o  -o cmTryCompileExec281825496 -rdynamic 
make[1]: Leaving directory `/home/felipe/Development/exifyay/CMakeFiles/CMakeTmp'


Determining if files sys/stat.h exist passed with the following output:
Change Dir: /home/felipe/Development/exifyay/CMakeFiles/CMakeTmp

Run Build Command:/usr/bin/make "cmTryCompileExec1876138987/fast"
/usr/bin/make -f CMakeFiles/cmTryCompileExec1876138987.dir/build.make CMakeFiles/cmTryCompileExec1876138987.dir/build
make[1]: Entering directory `/home/felipe/Development/exifyay/CMakeFiles/CMakeTmp'
/usr/bin/cmake -E cmake_progress_report /home/felipe/Development/exifyay/CMakeFiles/CMakeTmp/CMakeFiles 1
Building C object CMakeFiles/cmTryCompileExec1876138987.dir/CheckIncludeFiles.c.o
/usr/bin/cc    -o CMakeFiles/cmTryCompileExec1876138987.dir/CheckIncludeFiles.c.o   -c /home/felipe/Development/exifyay/CMakeFiles/CMakeTmp/CheckIncludeFiles.c
Linking C executable cmTryCompileExec1876138987
/usr/bin/cmake -E cmake_link_script CMakeFiles/cmTryCompileExec1876138987.dir/link.txt --verbose=1
/usr/bin/cc       CMakeFiles/cmTryCompileExec1876138987.dir/CheckIncludeFiles.c.o  -o cmTryCompileExec1876138987 -rdynamic 
make[1]: Leaving directory `/home/felipe/Development/exifyay/CMakeFiles/CMakeTmp'


Determining if files sys/types.h exist passed with the following output:
Change Dir: /home/felipe/Development/exifyay/CMakeFiles/CMakeTmp

Run Build Command:/usr/bin/make "cmTryCompileExec4165639915/fast"
/usr/bin/make -f CMakeFiles/cmTryCompileExec4165639915.dir/build.make CMakeFiles/cmTryCompileExec4165639915.dir/build
make[1]: Entering directory `/home/felipe/Development/exifyay/CMakeFiles/CMakeTmp'
/usr/bin/cmake -E cmake_progress_report /home/felipe/Development/exifyay/CMakeFiles/CMakeTmp/CMakeFiles 1
Building C object CMakeFiles/cmTryCompileExec4165639915.dir/CheckIncludeFiles.c.o
/usr/bin/cc    -o CMakeFiles/cmTryCompileExec4165639915.dir/CheckIncludeFiles.c.o   -c /home/felipe/Development/exifyay/CMakeFiles/CMakeTmp/CheckIncludeFiles.c
Linking C executable cmTryCompileExec4165639915
/usr/bin/cmake -E cmake_link_script CMakeFiles/cmTryCompileExec4165639915.dir/link.txt --verbose=1
/usr/bin/cc       CMakeFiles/cmTryCompileExec4165639915.dir/CheckIncludeFiles.c.o  -o cmTryCompileExec4165639915 -rdynamic 
make[1]: Leaving directory `/home/felipe/Development/exifyay/CMakeFiles/CMakeTmp'


Determining if files unistd.h exist passed with the following output:
Change Dir: /home/felipe/Development/exifyay/CMakeFiles/CMakeTmp

Run Build Command:/usr/bin/make "cmTryCompileExec2942509579/fast"
/usr/bin/make -f CMakeFiles/cmTryCompileExec2942509579.dir/build.make CMakeFiles/cmTryCompileExec2942509579.dir/build
make[1]: Entering directory `/home/felipe/Development/exifyay/CMakeFiles/CMakeTmp'
/usr/bin/cmake -E cmake_progress_report /home/felipe/Development/exifyay/CMakeFiles/CMakeTmp/CMakeFiles 1
Building C object CMakeFiles/cmTryCompileExec2942509579.dir/CheckIncludeFiles.c.o
/usr/bin/cc    -o CMakeFiles/cmTryCompileExec2942509579.dir/CheckIncludeFiles.c.o   -c /home/felipe/Development/exifyay/CMakeFiles/CMakeTmp/CheckIncludeFiles.c
Linking C executable cmTryCompileExec2942509579
/usr/bin/cmake -E cmake_link_script CMakeFiles/cmTryCompileExec2942509579.dir/link.txt --verbose=1
/usr/bin/cc       CMakeFiles/cmTryCompileExec2942509579.dir/CheckIncludeFiles.c.o  -o cmTryCompileExec2942509579 -rdynamic 
make[1]: Leaving directory `/home/felipe/Development/exifyay/CMakeFiles/CMakeTmp'


